#-----------------------------------------------------------
# Vivado v2017.4 (64-bit)
# SW Build 2086221 on Fri Dec 15 20:55:39 MST 2017
# IP Build 2085800 on Fri Dec 15 22:25:07 MST 2017
# Start of session at: Tue May 14 21:00:31 2024
# Process ID: 19492
# Current directory: E:/大学学习/Course_study/大二下/计算机组成与结构/实验/组成与结构实验5/cache实验基础代码/cache_lab_v0.05/soc_axi_lite_loongson/run_vivado/mycpu_prj1
# Command line: vivado.exe -gui_launcher_event rodinguilauncherevent22536 E:\大学学习\Course_study\大二下\计算机组成与结构\实验\组成与结构实验5\cache实验基础代码\cache_lab_v0.05\soc_axi_lite_loongson\run_vivado\mycpu_prj1\mycpu.xpr
# Log file: E:/大学学习/Course_study/大二下/计算机组成与结构/实验/组成与结构实验5/cache实验基础代码/cache_lab_v0.05/soc_axi_lite_loongson/run_vivado/mycpu_prj1/vivado.log
# Journal file: E:/大学学习/Course_study/大二下/计算机组成与结构/实验/组成与结构实验5/cache实验基础代码/cache_lab_v0.05/soc_axi_lite_loongson/run_vivado/mycpu_prj1\vivado.jou
#-----------------------------------------------------------
start_gui
open_project E:/大学学习/Course_study/大二下/计算机组成与结构/实验/组成与结构实验5/cache实验基础代码/cache_lab_v0.05/soc_axi_lite_loongson/run_vivado/mycpu_prj1/mycpu.xpr
INFO: [ProjectBase 1-489] The host OS only allows 260 characters in a normal path. The project is stored in a path with more than 80 characters. If you experience issues with IP, Block Designs, or files not being found, please consider moving the project to a location with a shorter path. Alternately consider using the OS subst command to map part of the path to a drive letter.
Current project path is 'E:/大学学习/Course_study/大二下/计算机组成与结构/实验/组成与结构实验5/cache实验基础代码/cache_lab_v0.05/soc_axi_lite_loongson/run_vivado/mycpu_prj1'
INFO: [Project 1-313] Project file moved from 'd:/nscscc2020/团队赛/nscscc2019-info/nscscc2019_release_v0.01/perf_test_v0.01/soc_axi_perf/run_vivado/mycpu_prj1' since last save.
Scanning sources...
ERROR: [Common 17-70] Application Exception: SrcMgr::createSS : type not set
exit
INFO: [Common 17-206] Exiting Vivado at Tue May 14 21:00:52 2024...
